Arguments: 
  C:\Program Files\nodejs\node.exe D:\03.opensources\dara-form\node_modules\yarn\bin\yarn.js build

PATH: 
  D:\03.opensources\dara-form\node_modules\.bin;D:\03.opensources\node_modules\.bin;D:\node_modules\.bin;C:\Program Files\nodejs\node_modules\npm\node_modules\@npmcli\run-script\lib\node-gyp-bin;C:\Windows\system32;C:\Windows;C:\Windows\System32\Wbem;C:\Windows\System32\WindowsPowerShell\v1.0\;C:\Windows\System32\OpenSSH\;C:\Program Files\Bandizip\;C:\Program Files\Git\cmd;C:\Program Files\nodejs\;C:\Program Files\Docker\Docker\resources\bin;C:\Program Files (x86)\Gpg4win\..\GnuPG\bin;C:\Program Files (x86)\Vim\vim90;D:\02.utils\jeus\jeus8500\lib\system;D:\02.utils\jeus\jeus8500\webserver\bin;D:\02.utils\jeus\jeus8500\bin;D:\02.utils\jeus\jeus8500\lib\system;D:\02.utils\jeus\jeus8500\webserver\bin;D:\02.utils\jeus\jeus8001\bin;D:\02.utils\jeus\jeus8001\lib\system;D:\02.utils\jeus\jeus8001\webserver\bin;C:\TmaxSoft\JEUS8\bin;C:\TmaxSoft\JEUS8\lib\system;C:\TmaxSoft\JEUS8\webserver\bin;C:\Users\User\AppData\Local\GitHubDesktop\bin;C:\Users\User\AppData\Local\Programs\Microsoft VS Code\bin;C:\Users\User\AppData\Roaming\npm;C:\01.devtools\gradle-7.3.3\bin;C:\01.devtools\java-1.8.0\bin;C:\01.devtools\gradle-7.3.3\bin;

Yarn version: 
  1.22.19

Node version: 
  18.5.0

Platform: 
  win32 x64

Trace: 
  Error: Failed to replace env in config: ${NPM_TOKEN}
      at D:\03.opensources\dara-form\node_modules\yarn\lib\cli.js:94933:13
      at String.replace (<anonymous>)
      at envReplace (D:\03.opensources\dara-form\node_modules\yarn\lib\cli.js:94928:16)
      at Function.normalizeConfig (D:\03.opensources\dara-form\node_modules\yarn\lib\cli.js:31938:69)
      at NpmRegistry.<anonymous> (D:\03.opensources\dara-form\node_modules\yarn\lib\cli.js:31968:34)
      at Generator.next (<anonymous>)
      at step (D:\03.opensources\dara-form\node_modules\yarn\lib\cli.js:310:30)
      at D:\03.opensources\dara-form\node_modules\yarn\lib\cli.js:321:13

npm manifest: 
  {
    "name": "@dara/form",
    "version": "0.0.1",
    "sideEffects": false,
    "description": "Dara form validation ",
    "author": {
      "name": "darainfo",
      "email": "darainfosys@gmail.com",
      "url": "https://www.moaview.com"
    },
    "repository": {
      "type": "git",
      "url": "https://github.com/darainfo/dara-form.git"
    },
    "publishConfig": {
      "access": "public",
      "registry": "https://registry.npmjs.org"
    },
    "license": "MIT",
    "keywords": [
      "daraValidation",
      "dara-validation",
      "daraForm",
      "dara-form",
      "form",
      "validation",
      "darainfo",
      "javascript"
    ],
    "main": "src/index.ts",
    "types": "./dist/index.d.ts",
    "exports": {
      ".": "./dist/index.js",
      "./dist/": "./dist/"
    },
    "homepage": "https://github.com/darainfo/dara-form",
    "bugs": {
      "url": "https://github.com/darainfo/validation/issues",
      "email": "darainfosys@gmail.com"
    },
    "files": [
      "dist"
    ],
    "dependencies": {
      "dara-datetimepicker": "^0.2.1",
      "dara-toast": "^0.1.8",
      "init": "^0.1.2",
      "ink-docstrap": "^1.3.2",
      "preact": "^10.13.2",
      "tslint": "^6.1.3",
      "tslint-config-prettier": "^1.18.0"
    },
    "prettier": {
      "printWidth": 256,
      "useTabs": false,
      "tabWidth": 2,
      "bracketSpacing": true,
      "semi": true,
      "singleQuote": false
    },
    "editor.formatOnSave": true,
    "[javascript]": {
      "editor.formatOnSave": false
    },
    "devDependencies": {
      "@babel/cli": "^7.22.5",
      "@babel/core": "^7.21.4",
      "@babel/node": "^7.20.7",
      "@babel/parser": "^7.21.4",
      "@babel/plugin-proposal-class-properties": "^7.18.6",
      "@babel/plugin-transform-modules-commonjs": "^7.21.2",
      "@babel/plugin-transform-runtime": "^7.21.4",
      "@babel/preset-env": "^7.22.5",
      "@babel/preset-typescript": "^7.21.4",
      "@mxssfd/typedoc-theme": "^1.1.1",
      "@types/dropzone": "^5.7.4",
      "@types/file-saver": "^2.0.5",
      "@types/jest": "^29.5.1",
      "@types/lodash": "^4.14.194",
      "@types/lodash-es": "^4.17.7",
      "@types/node": "^20.1.0",
      "@typescript-eslint/eslint-plugin": "^5.59.5",
      "@typescript-eslint/parser": "^5.59.5",
      "babel-loader": "^8.3.0",
      "babel-plugin-dynamic-import-webpack": "^1.1.0",
      "babel-plugin-lodash": "^3.3.4",
      "copy-webpack-plugin": "^11.0.0",
      "copyfiles": "^2.4.1",
      "css-loader": "^6.8.1",
      "css-minimizer-webpack-plugin": "^5.0.1",
      "dropzone": "^6.0.0-beta.2",
      "esbuild": "^0.19.2",
      "esbuild-sass-plugin": "^2.12.0",
      "eslint": "^8.40.0",
      "eslint-config-airbnb": "^19.0.4",
      "eslint-config-prettier": "^8.8.0",
      "eslint-plugin-import": "^2.27.5",
      "eslint-plugin-prettier": "^4.2.1",
      "eslint-plugin-react": "^7.32.2",
      "file-loader": "^6.2.0",
      "html-webpack-plugin": "^5.5.3",
      "jest": "^29.0.0",
      "lodash-es": "^4.17.21",
      "material-icons": "^1.13.8",
      "mini-css-extract-plugin": "^2.7.6",
      "prettier": "^2.8.8",
      "sass-loader": "^13.3.2",
      "style-loader": "^3.3.3",
      "terser-webpack-plugin": "^5.3.9",
      "ts-jest": "^29.1.0",
      "ts-loader": "^9.4.2",
      "typedoc": "^0.24.8",
      "typescript": "^5.1.6",
      "url-loader": "^4.1.1",
      "webpack": "^5.73.0",
      "webpack-bundle-analyzer": "^4.9.0",
      "webpack-cli": "^4.10.0",
      "webpack-dev-server": "^4.9.2",
      "webpack-node-externals": "^3.0.0"
    },
    "scripts": {
      "prepack": "yarn build",
      "build": "yarn build:prod && yarn copy-dts && yarn build:tsc && yarn build:js && yarn copy-app",
      "build:tsc": "npx tsc --emitDeclarationOnly",
      "build:js": "node build.js",
      "build:dev": "webpack --config webpack.dev.js",
      "build:prod": "webpack --config webpack.prod.js && webpack --env=mode=deploy --config webpack.dev.js",
      "dts:gen": "npx -p typescript tsc src/index.js --declaration --allowJs --emitDeclarationOnly --outDir dist",
      "docs:gen": "typedoc --tsconfig tsconfig.doc.json",
      "test": "jest",
      "start": "webpack-dev-server --open --config ./webpack.dev.server.js",
      "copy-dts": "copyfiles -u 1 \"src/**/*.d.ts\" dist",
      "copy-app": "copyfiles -u 1 \"dist/dara.form.*\" D:/03.opensources/vpi-console/vpi-console-web/src/main/webapp/webstatic/js/dara/form"
    }
  }

yarn manifest: 
  No manifest

Lockfile: 
  No lockfile
